<?xml version="1.0" encoding="UTF-8"?>
<!-- Generated by org.testng.reporters.JUnitReportReporter -->
<testsuite hostname="Anus-MacBook-Pro.local" name="com.anu.githubrest.Tests" tests="1" failures="0" timestamp="17 May 2016 04:27:33 GMT" time="4.348" errors="0">
  <testcase name="testReg" time="4.348" classname="com.anu.githubrest.Tests"/>
</testsuite> <!-- com.anu.githubrest.Tests -->
