<?xml version="1.0" encoding="UTF-8"?>
<!-- Generated by org.testng.reporters.JUnitReportReporter -->
<testsuite hostname="DALMACC02LW1JVFD58.local" name="com.anu.githubrest.Tests" tests="2" failures="0" timestamp="19 Jun 2016 15:05:00 GMT" time="1.951" errors="0">
  <testcase name="printurl" time="1.538" classname="com.anu.githubrest.Tests"/>
  <testcase name="testReg" time="0.413" classname="com.anu.githubrest.Tests"/>
</testsuite> <!-- com.anu.githubrest.Tests -->
