<?xml version="1.0" encoding="UTF-8"?>
<!-- Generated by org.testng.reporters.JUnitReportReporter -->
<testsuite hostname="Anus-MacBook-Pro.local" name="com.anu.githubrest.Tests" tests="2" failures="0" timestamp="22 May 2016 20:31:09 GMT" time="1.572" errors="0">
  <testcase name="testReg" time="0.402" classname="com.anu.githubrest.Tests"/>
  <testcase name="printurl" time="1.170" classname="com.anu.githubrest.Tests"/>
</testsuite> <!-- com.anu.githubrest.Tests -->
